  Main.cpp
E:\UCSC\Game-230\Simple Grid Based Level Editor\Simple Grid Based Level Editor\Main.cpp(219,57): warning C4244: '=': conversion from 'int' to 'T', possible loss of data
          with
          [
              T=float
          ]
E:\UCSC\Game-230\Simple Grid Based Level Editor\Simple Grid Based Level Editor\Main.cpp(220,57): warning C4244: '=': conversion from 'int' to 'T', possible loss of data
          with
          [
              T=float
          ]
E:\UCSC\Game-230\Simple Grid Based Level Editor\Simple Grid Based Level Editor\Main.cpp(227,15): warning C4804: '<=': unsafe use of type 'bool' in operation
E:\UCSC\Game-230\Simple Grid Based Level Editor\Simple Grid Based Level Editor\Main.cpp(236,137): warning C4244: 'argument': conversion from 'int' to 'float', possible loss of data
E:\UCSC\Game-230\Simple Grid Based Level Editor\Simple Grid Based Level Editor\Main.cpp(236,82): warning C4244: 'argument': conversion from 'int' to 'float', possible loss of data
E:\UCSC\Game-230\Simple Grid Based Level Editor\Simple Grid Based Level Editor\Main.cpp(253,57): warning C4244: '=': conversion from 'int' to 'T', possible loss of data
          with
          [
              T=float
          ]
E:\UCSC\Game-230\Simple Grid Based Level Editor\Simple Grid Based Level Editor\Main.cpp(254,57): warning C4244: '=': conversion from 'int' to 'T', possible loss of data
          with
          [
              T=float
          ]
E:\UCSC\Game-230\Simple Grid Based Level Editor\Simple Grid Based Level Editor\Main.cpp(255,15): warning C4804: '<=': unsafe use of type 'bool' in operation
E:\UCSC\Game-230\Simple Grid Based Level Editor\Simple Grid Based Level Editor\Main.cpp(260,53): warning C4244: 'argument': conversion from 'T' to 'int', possible loss of data
          with
          [
              T=float
          ]
E:\UCSC\Game-230\Simple Grid Based Level Editor\Simple Grid Based Level Editor\Main.cpp(261,52): warning C4244: 'argument': conversion from 'T' to 'const int', possible loss of data
          with
          [
              T=float
          ]
E:\VS2022\VC\Tools\MSVC\14.33.31629\include\utility(190,16): warning C4244: 'initializing': conversion from '_Ty' to '_Ty1', possible loss of data
          with
          [
              _Ty=float
          ]
          and
          [
              _Ty1=const int
          ]
E:\UCSC\Game-230\Simple Grid Based Level Editor\Simple Grid Based Level Editor\Main.cpp(243): message : see reference to function template instantiation 'std::pair<const int,sf::Sprite *>::pair<T,sf::Sprite*&,0>(_Other1 &&,_Other2) noexcept' being compiled
          with
          [
              T=float,
              _Other1=float,
              _Other2=sf::Sprite *&
          ]
E:\UCSC\Game-230\Simple Grid Based Level Editor\Simple Grid Based Level Editor\Main.cpp(243): message : see reference to function template instantiation 'std::pair<const int,sf::Sprite *>::pair<T,sf::Sprite*&,0>(_Other1 &&,_Other2) noexcept' being compiled
          with
          [
              T=float,
              _Other1=float,
              _Other2=sf::Sprite *&
          ]
  Simple Grid Based Level Editor.vcxproj -> E:\UCSC\Game-230\Simple Grid Based Level Editor\Debug\Simple Grid Based Level Editor.exe
